
*** Running vivado
    with args -log GPIO_demo.vds -m64 -mode batch -messageDb vivado.pb -source GPIO_demo.tcl


****** Vivado v2014.4 (64-bit)
  **** SW Build 1071353 on Tue Nov 18 18:24:04 MST 2014
  **** IP Build 1070531 on Tue Nov 18 01:10:18 MST 2014
    ** Copyright 1986-2014 Xilinx, Inc. All Rights Reserved.

source GPIO_demo.tcl
# set_param gui.test TreeTableDev
# debug::add_scope template.lib 1
# set_msg_config -id {HDL 9-1061} -limit 100000
# set_msg_config -id {HDL 9-1654} -limit 100000
# create_project -in_memory -part xc7a100tcsg324-1
WARNING: [Board 49-26] cannot add Board Part xilinx.com:kc705:part0:0.9 available at C:/Xilinx/Vivado/2014.4/data/boards/board_parts/kintex7/kc705/0.9/board_part.xml as part xc7k325tffg900-2 specified in board_part file is either invalid or not available
WARNING: [Board 49-26] cannot add Board Part xilinx.com:kc705:part0:1.0 available at C:/Xilinx/Vivado/2014.4/data/boards/board_parts/kintex7/kc705/1.0/board_part.xml as part xc7k325tffg900-2 specified in board_part file is either invalid or not available
WARNING: [Board 49-26] cannot add Board Part xilinx.com:kc705:part0:1.1 available at C:/Xilinx/Vivado/2014.4/data/boards/board_parts/kintex7/kc705/1.1/board_part.xml as part xc7k325tffg900-2 specified in board_part file is either invalid or not available
WARNING: [Board 49-26] cannot add Board Part xilinx.com:zc706:part0:0.9 available at C:/Xilinx/Vivado/2014.4/data/boards/board_parts/zynq/zc706/0.9/board_part.xml as part xc7z045ffg900-2 specified in board_part file is either invalid or not available
WARNING: [Board 49-26] cannot add Board Part xilinx.com:zc706:part0:1.0 available at C:/Xilinx/Vivado/2014.4/data/boards/board_parts/zynq/zc706/1.0/board_part.xml as part xc7z045ffg900-2 specified in board_part file is either invalid or not available
WARNING: [Board 49-26] cannot add Board Part xilinx.com:zc706:part0:1.1 available at C:/Xilinx/Vivado/2014.4/data/boards/board_parts/zynq/zc706/1.1/board_part.xml as part xc7z045ffg900-2 specified in board_part file is either invalid or not available
# set_param project.compositeFile.enableAutoGeneration 0
# set_param synth.vivado.isSynthRun true
# set_property webtalk.parent_dir D:/HDL/Nexys4_Vivado_Basic/Nexys4_Vivado_Basic/source/Nexys4_Vivado_Basic/Nexys4_Vivado_Basic.cache/wt [current_project]
# set_property parent.project_path D:/HDL/Nexys4_Vivado_Basic/Nexys4_Vivado_Basic/source/Nexys4_Vivado_Basic/Nexys4_Vivado_Basic.xpr [current_project]
# set_property default_lib xil_defaultlib [current_project]
# set_property target_language Verilog [current_project]
# read_vhdl -library xil_defaultlib {
#   D:/HDL/Nexys4_Vivado_Basic/Nexys4_Vivado_Basic/source/Nexys4_Vivado_Basic/Nexys4_Vivado_Basic.srcs/sources_1/new/UART_TX_CTRL.vhd
#   D:/HDL/Nexys4_Vivado_Basic/Nexys4_Vivado_Basic/source/Nexys4_Vivado_Basic/Nexys4_Vivado_Basic.srcs/sources_1/new/RGB_controller.vhd
#   D:/HDL/Nexys4_Vivado_Basic/Nexys4_Vivado_Basic/source/Nexys4_Vivado_Basic/Nexys4_Vivado_Basic.srcs/sources_1/new/debouncer.vhd
#   D:/HDL/Nexys4_Vivado_Basic/Nexys4_Vivado_Basic/source/Nexys4_Vivado_Basic/Nexys4_Vivado_Basic.srcs/sources_1/new/GPIO_Demo.vhd
# }
# read_xdc D:/HDL/Nexys4_Vivado_Basic/Nexys4_Vivado_Basic/source/Nexys4_Vivado_Basic/Nexys4_Vivado_Basic.srcs/constrs_1/new/Nexys4_Master.xdc
# set_property used_in_implementation false [get_files D:/HDL/Nexys4_Vivado_Basic/Nexys4_Vivado_Basic/source/Nexys4_Vivado_Basic/Nexys4_Vivado_Basic.srcs/constrs_1/new/Nexys4_Master.xdc]
# catch { write_hwdef -file GPIO_demo.hwdef }
INFO: [Vivado_Tcl 4-279] hardware handoff file cannot be generated as there is no block diagram instance in the design
# synth_design -top GPIO_demo -part xc7a100tcsg324-1
Command: synth_design -top GPIO_demo -part xc7a100tcsg324-1
Starting synth_design
Attempting to get a license for feature 'Synthesis' and/or device 'xc7a100t'
INFO: [Common 17-349] Got license for feature 'Synthesis' and/or device 'xc7a100t'
---------------------------------------------------------------------------------
Starting RTL Elaboration : Time (s): cpu = 00:00:05 ; elapsed = 00:00:06 . Memory (MB): peak = 235.203 ; gain = 73.895
---------------------------------------------------------------------------------
INFO: [Synth 8-638] synthesizing module 'GPIO_demo' [D:/HDL/Nexys4_Vivado_Basic/Nexys4_Vivado_Basic/source/Nexys4_Vivado_Basic/Nexys4_Vivado_Basic.srcs/sources_1/new/GPIO_Demo.vhd:72]
	Parameter DEBNC_CLOCKS bound to: 65536 - type: integer 
	Parameter PORT_WIDTH bound to: 5 - type: integer 
INFO: [Synth 8-3491] module 'debouncer' declared at 'D:/HDL/Nexys4_Vivado_Basic/Nexys4_Vivado_Basic/source/Nexys4_Vivado_Basic/Nexys4_Vivado_Basic.srcs/sources_1/new/debouncer.vhd:42' bound to instance 'Inst_btn_debounce' of component 'debouncer' [D:/HDL/Nexys4_Vivado_Basic/Nexys4_Vivado_Basic/source/Nexys4_Vivado_Basic/Nexys4_Vivado_Basic.srcs/sources_1/new/GPIO_Demo.vhd:320]
INFO: [Synth 8-638] synthesizing module 'debouncer__parameterized0' [D:/HDL/Nexys4_Vivado_Basic/Nexys4_Vivado_Basic/source/Nexys4_Vivado_Basic/Nexys4_Vivado_Basic.srcs/sources_1/new/debouncer.vhd:50]
	Parameter DEBNC_CLOCKS bound to: 65536 - type: integer 
	Parameter PORT_WIDTH bound to: 5 - type: integer 
INFO: [Synth 8-256] done synthesizing module 'debouncer__parameterized0' (1#1) [D:/HDL/Nexys4_Vivado_Basic/Nexys4_Vivado_Basic/source/Nexys4_Vivado_Basic/Nexys4_Vivado_Basic.srcs/sources_1/new/debouncer.vhd:50]
INFO: [Synth 8-3491] module 'UART_TX_CTRL' declared at 'D:/HDL/Nexys4_Vivado_Basic/Nexys4_Vivado_Basic/source/Nexys4_Vivado_Basic/Nexys4_Vivado_Basic.srcs/sources_1/new/UART_TX_CTRL.vhd:42' bound to instance 'Inst_UART_TX_CTRL' of component 'UART_TX_CTRL' [D:/HDL/Nexys4_Vivado_Basic/Nexys4_Vivado_Basic/source/Nexys4_Vivado_Basic/Nexys4_Vivado_Basic.srcs/sources_1/new/GPIO_Demo.vhd:450]
INFO: [Synth 8-638] synthesizing module 'UART_TX_CTRL' [D:/HDL/Nexys4_Vivado_Basic/Nexys4_Vivado_Basic/source/Nexys4_Vivado_Basic/Nexys4_Vivado_Basic.srcs/sources_1/new/UART_TX_CTRL.vhd:50]
INFO: [Synth 8-256] done synthesizing module 'UART_TX_CTRL' (2#1) [D:/HDL/Nexys4_Vivado_Basic/Nexys4_Vivado_Basic/source/Nexys4_Vivado_Basic/Nexys4_Vivado_Basic.srcs/sources_1/new/UART_TX_CTRL.vhd:50]
INFO: [Synth 8-3491] module 'RGB_controller' declared at 'D:/HDL/Nexys4_Vivado_Basic/Nexys4_Vivado_Basic/source/Nexys4_Vivado_Basic/Nexys4_Vivado_Basic.srcs/sources_1/new/RGB_controller.vhd:20' bound to instance 'RGB_Core' of component 'RGB_controller' [D:/HDL/Nexys4_Vivado_Basic/Nexys4_Vivado_Basic/source/Nexys4_Vivado_Basic/Nexys4_Vivado_Basic.srcs/sources_1/new/GPIO_Demo.vhd:464]
INFO: [Synth 8-638] synthesizing module 'RGB_controller' [D:/HDL/Nexys4_Vivado_Basic/Nexys4_Vivado_Basic/source/Nexys4_Vivado_Basic/Nexys4_Vivado_Basic.srcs/sources_1/new/RGB_controller.vhd:28]
INFO: [Synth 8-256] done synthesizing module 'RGB_controller' (3#1) [D:/HDL/Nexys4_Vivado_Basic/Nexys4_Vivado_Basic/source/Nexys4_Vivado_Basic/Nexys4_Vivado_Basic.srcs/sources_1/new/RGB_controller.vhd:28]
INFO: [Synth 8-256] done synthesizing module 'GPIO_demo' (4#1) [D:/HDL/Nexys4_Vivado_Basic/Nexys4_Vivado_Basic/source/Nexys4_Vivado_Basic/Nexys4_Vivado_Basic.srcs/sources_1/new/GPIO_Demo.vhd:72]
WARNING: [Synth 8-3917] design GPIO_demo has port micLRSel driven by constant 0
WARNING: [Synth 8-3917] design GPIO_demo has port ampSD driven by constant 1
---------------------------------------------------------------------------------
Finished RTL Elaboration : Time (s): cpu = 00:00:07 ; elapsed = 00:00:08 . Memory (MB): peak = 269.383 ; gain = 108.074
---------------------------------------------------------------------------------

Report Check Netlist: 
+------+------------------+-------+---------+-------+------------------+
|      |Item              |Errors |Warnings |Status |Description       |
+------+------------------+-------+---------+-------+------------------+
|1     |multi_driven_nets |      0|        0|Passed |Multi driven nets |
+------+------------------+-------+---------+-------+------------------+
---------------------------------------------------------------------------------
Finished RTL Optimization Phase 1 : Time (s): cpu = 00:00:07 ; elapsed = 00:00:08 . Memory (MB): peak = 269.383 ; gain = 108.074
---------------------------------------------------------------------------------
Loading clock regions from C:/Xilinx/Vivado/2014.4/data\parts/xilinx/artix7/artix7/xc7a100t/ClockRegion.xml
Loading clock buffers from C:/Xilinx/Vivado/2014.4/data\parts/xilinx/artix7/artix7/xc7a100t/ClockBuffers.xml
Loading clock placement rules from C:/Xilinx/Vivado/2014.4/data/parts/xilinx/artix7/ClockPlacerRules.xml
Loading package pin functions from C:/Xilinx/Vivado/2014.4/data\parts/xilinx/artix7/PinFunctions.xml...
Loading package from C:/Xilinx/Vivado/2014.4/data\parts/xilinx/artix7/artix7/xc7a100t/csg324/Package.xml
Loading io standards from C:/Xilinx/Vivado/2014.4/data\./parts/xilinx/artix7/IOStandards.xml
Loading device configuration modes from C:/Xilinx/Vivado/2014.4/data\parts/xilinx/artix7/ConfigModes.xml
INFO: [Project 1-570] Preparing netlist for logic optimization

Processing XDC Constraints
Initializing timing engine
Parsing XDC File [D:/HDL/Nexys4_Vivado_Basic/Nexys4_Vivado_Basic/source/Nexys4_Vivado_Basic/Nexys4_Vivado_Basic.srcs/constrs_1/new/Nexys4_Master.xdc]
Finished Parsing XDC File [D:/HDL/Nexys4_Vivado_Basic/Nexys4_Vivado_Basic/source/Nexys4_Vivado_Basic/Nexys4_Vivado_Basic.srcs/constrs_1/new/Nexys4_Master.xdc]
Completed Processing XDC Constraints

INFO: [Project 1-111] Unisim Transformation Summary:
No Unisim elements were transformed.

Constraint Validation Runtime : Time (s): cpu = 00:00:00 ; elapsed = 00:00:00.015 . Memory (MB): peak = 583.527 ; gain = 0.000
---------------------------------------------------------------------------------
Finished Constraint Validation : Time (s): cpu = 00:00:17 ; elapsed = 00:00:19 . Memory (MB): peak = 583.527 ; gain = 422.219
---------------------------------------------------------------------------------
---------------------------------------------------------------------------------
Start Loading Part and Timing Information
---------------------------------------------------------------------------------
Loading part: xc7a100tcsg324-1
---------------------------------------------------------------------------------
Finished Loading Part and Timing Information : Time (s): cpu = 00:00:17 ; elapsed = 00:00:19 . Memory (MB): peak = 583.527 ; gain = 422.219
---------------------------------------------------------------------------------
---------------------------------------------------------------------------------
Start Applying 'set_property' XDC Constraints
---------------------------------------------------------------------------------
---------------------------------------------------------------------------------
Finished applying 'set_property' XDC Constraints : Time (s): cpu = 00:00:17 ; elapsed = 00:00:20 . Memory (MB): peak = 583.527 ; gain = 422.219
---------------------------------------------------------------------------------
ROM "READY" won't be mapped to Block RAM because address size (2) smaller than threshold (5) 
ROM "txState" won't be mapped to RAM because address size (31) is larger than maximum supported(18) 
ROM "bitIndex" won't be mapped to Block RAM because address size (2) smaller than threshold (5) 
INFO: [Synth 8-4471] merging register 'rgbLedReg2_reg[2:2]' into 'rgbLedReg1_reg[2:2]' [D:/HDL/Nexys4_Vivado_Basic/Nexys4_Vivado_Basic/source/Nexys4_Vivado_Basic/Nexys4_Vivado_Basic.srcs/sources_1/new/RGB_controller.vhd:169]
INFO: [Synth 8-4471] merging register 'rgbLedReg2_reg[1:1]' into 'rgbLedReg1_reg[1:1]' [D:/HDL/Nexys4_Vivado_Basic/Nexys4_Vivado_Basic/source/Nexys4_Vivado_Basic/Nexys4_Vivado_Basic.srcs/sources_1/new/RGB_controller.vhd:182]
INFO: [Synth 8-4471] merging register 'rgbLedReg2_reg[0:0]' into 'rgbLedReg1_reg[0:0]' [D:/HDL/Nexys4_Vivado_Basic/Nexys4_Vivado_Basic/source/Nexys4_Vivado_Basic/Nexys4_Vivado_Basic.srcs/sources_1/new/RGB_controller.vhd:195]
INFO: [Synth 8-4471] merging register 'sendStr_reg[25][7:0]' into 'sendStr_reg[24][7:0]' [D:/HDL/Nexys4_Vivado_Basic/Nexys4_Vivado_Basic/source/Nexys4_Vivado_Basic/Nexys4_Vivado_Basic.srcs/sources_1/new/GPIO_Demo.vhd:414]
INFO: [Synth 8-802] inferred FSM for state register 'uartState_reg' in module 'GPIO_demo'
ROM "sendStr[24]" won't be mapped to Block RAM because address size (3) smaller than threshold (5) 
ROM "sendStr[0]" won't be mapped to Block RAM because address size (3) smaller than threshold (5) 
ROM "sendStr[1]" won't be mapped to Block RAM because address size (3) smaller than threshold (5) 
ROM "sendStr[2]" won't be mapped to Block RAM because address size (3) smaller than threshold (5) 
ROM "sendStr[3]" won't be mapped to Block RAM because address size (3) smaller than threshold (5) 
ROM "sendStr[4]" won't be mapped to Block RAM because address size (3) smaller than threshold (5) 
ROM "sendStr[6]" won't be mapped to Block RAM because address size (3) smaller than threshold (5) 
ROM "sendStr[7]" won't be mapped to Block RAM because address size (3) smaller than threshold (5) 
ROM "sendStr[8]" won't be mapped to Block RAM because address size (3) smaller than threshold (5) 
ROM "sendStr[9]" won't be mapped to Block RAM because address size (3) smaller than threshold (5) 
ROM "sendStr[10]" won't be mapped to Block RAM because address size (3) smaller than threshold (5) 
ROM "sendStr[12]" won't be mapped to Block RAM because address size (3) smaller than threshold (5) 
ROM "sendStr[13]" won't be mapped to Block RAM because address size (3) smaller than threshold (5) 
ROM "sendStr[14]" won't be mapped to Block RAM because address size (3) smaller than threshold (5) 
ROM "sendStr[15]" won't be mapped to Block RAM because address size (3) smaller than threshold (5) 
ROM "sendStr[18]" won't be mapped to Block RAM because address size (3) smaller than threshold (5) 
ROM "sendStr[19]" won't be mapped to Block RAM because address size (3) smaller than threshold (5) 
ROM "sendStr[21]" won't be mapped to Block RAM because address size (3) smaller than threshold (5) 
ROM "sendStr[22]" won't be mapped to Block RAM because address size (3) smaller than threshold (5) 
ROM "sendStr[23]" won't be mapped to Block RAM because address size (3) smaller than threshold (5) 
ROM "strEnd" won't be mapped to Block RAM because address size (3) smaller than threshold (5) 
ROM "strIndex" won't be mapped to Block RAM because address size (3) smaller than threshold (5) 
ROM "uartState" won't be mapped to Block RAM because address size (1) smaller than threshold (5) 
INFO: [Synth 8-3354] encoded FSM with state register 'uartState_reg' using encoding 'sequential' in module 'GPIO_demo'
---------------------------------------------------------------------------------
Finished RTL Optimization Phase 2 : Time (s): cpu = 00:00:18 ; elapsed = 00:00:21 . Memory (MB): peak = 583.527 ; gain = 422.219
---------------------------------------------------------------------------------

Report RTL Partitions: 
+-+--------------+------------+----------+
| |RTL Partition |Replication |Instances |
+-+--------------+------------+----------+
+-+--------------+------------+----------+
---------------------------------------------------------------------------------
Start RTL Component Statistics 
---------------------------------------------------------------------------------
Detailed RTL Component Info : 
+---Adders : 
	   2 Input      9 Bit       Adders := 1     
	   2 Input      8 Bit       Adders := 1     
	   2 Input      5 Bit       Adders := 1     
	   2 Input      4 Bit       Adders := 1     
+---XORs : 
	   2 Input      1 Bit         XORs := 5     
+---Registers : 
	               31 Bit    Registers := 1     
	               10 Bit    Registers := 1     
	                9 Bit    Registers := 1     
	                8 Bit    Registers := 28    
	                5 Bit    Registers := 2     
	                4 Bit    Registers := 2     
	                2 Bit    Registers := 1     
	                1 Bit    Registers := 6     
+---Muxes : 
	   3 Input     31 Bit        Muxes := 1     
	   2 Input     16 Bit        Muxes := 1     
	   2 Input      8 Bit        Muxes := 5     
	  11 Input      8 Bit        Muxes := 1     
	   3 Input      8 Bit        Muxes := 19    
	   2 Input      7 Bit        Muxes := 11    
	   2 Input      6 Bit        Muxes := 9     
	   2 Input      4 Bit        Muxes := 1     
	   7 Input      3 Bit        Muxes := 1     
	   8 Input      3 Bit        Muxes := 1     
	   4 Input      2 Bit        Muxes := 1     
	   2 Input      2 Bit        Muxes := 1     
	   2 Input      1 Bit        Muxes := 12    
	   4 Input      1 Bit        Muxes := 1     
	   7 Input      1 Bit        Muxes := 1     
---------------------------------------------------------------------------------
Finished RTL Component Statistics 
---------------------------------------------------------------------------------
---------------------------------------------------------------------------------
Start RTL Hierarchical Component Statistics 
---------------------------------------------------------------------------------
Hierarchical RTL Component report 
Module GPIO_demo 
Detailed RTL Component Info : 
+---Adders : 
	   2 Input      5 Bit       Adders := 1     
	   2 Input      4 Bit       Adders := 1     
+---Registers : 
	               31 Bit    Registers := 1     
	                8 Bit    Registers := 27    
	                5 Bit    Registers := 1     
	                4 Bit    Registers := 2     
	                1 Bit    Registers := 2     
+---Muxes : 
	   3 Input     31 Bit        Muxes := 1     
	   2 Input     16 Bit        Muxes := 1     
	  11 Input      8 Bit        Muxes := 1     
	   3 Input      8 Bit        Muxes := 19    
	   2 Input      7 Bit        Muxes := 10    
	   2 Input      6 Bit        Muxes := 9     
	   2 Input      4 Bit        Muxes := 1     
	   7 Input      3 Bit        Muxes := 1     
	   8 Input      3 Bit        Muxes := 1     
	   2 Input      2 Bit        Muxes := 1     
	   2 Input      1 Bit        Muxes := 3     
	   7 Input      1 Bit        Muxes := 1     
Module debouncer__parameterized0 
Detailed RTL Component Info : 
+---XORs : 
	   2 Input      1 Bit         XORs := 5     
+---Registers : 
	                5 Bit    Registers := 1     
+---Muxes : 
	   2 Input      1 Bit        Muxes := 5     
Module UART_TX_CTRL 
Detailed RTL Component Info : 
+---Registers : 
	               10 Bit    Registers := 1     
	                2 Bit    Registers := 1     
	                1 Bit    Registers := 1     
+---Muxes : 
	   4 Input      2 Bit        Muxes := 1     
	   2 Input      1 Bit        Muxes := 4     
	   4 Input      1 Bit        Muxes := 1     
Module RGB_controller 
Detailed RTL Component Info : 
+---Adders : 
	   2 Input      9 Bit       Adders := 1     
	   2 Input      8 Bit       Adders := 1     
+---Registers : 
	                9 Bit    Registers := 1     
	                8 Bit    Registers := 1     
	                1 Bit    Registers := 3     
+---Muxes : 
	   2 Input      8 Bit        Muxes := 5     
	   2 Input      7 Bit        Muxes := 1     
---------------------------------------------------------------------------------
Finished RTL Hierarchical Component Statistics
---------------------------------------------------------------------------------
---------------------------------------------------------------------------------
Start Part Resource Summary
---------------------------------------------------------------------------------
Part Resources:
DSPs: 240 (col length:80)
BRAMs: 270 (col length: RAMB18 80 RAMB36 40)
---------------------------------------------------------------------------------
Finished Part Resource Summary
---------------------------------------------------------------------------------
Start Parallel Synthesis Optimization  : Time (s): cpu = 00:00:18 ; elapsed = 00:00:21 . Memory (MB): peak = 583.527 ; gain = 422.219
---------------------------------------------------------------------------------
Start Cross Boundary Optimization
---------------------------------------------------------------------------------
ROM "Inst_UART_TX_CTRL/txState" won't be mapped to RAM because address size (31) is larger than maximum supported(18) 
WARNING: [Synth 8-3917] design GPIO_demo has port SSEG_CA[7] driven by constant 1
WARNING: [Synth 8-3917] design GPIO_demo has port micLRSel driven by constant 0
WARNING: [Synth 8-3917] design GPIO_demo has port ampSD driven by constant 1
---------------------------------------------------------------------------------
Finished Cross Boundary Optimization : Time (s): cpu = 00:00:19 ; elapsed = 00:00:21 . Memory (MB): peak = 583.527 ; gain = 422.219
---------------------------------------------------------------------------------
Finished Parallel Reinference  : Time (s): cpu = 00:00:19 ; elapsed = 00:00:21 . Memory (MB): peak = 583.527 ; gain = 422.219

Report RTL Partitions: 
+-+--------------+------------+----------+
| |RTL Partition |Replication |Instances |
+-+--------------+------------+----------+
+-+--------------+------------+----------+
---------------------------------------------------------------------------------
Start RAM, DSP and Shift Register Reporting
---------------------------------------------------------------------------------
---------------------------------------------------------------------------------
Finished RAM, DSP and Shift Register Reporting
---------------------------------------------------------------------------------
INFO: [Synth 8-3333] propagating constant 1 across sequential element (\strEnd_reg[4] )
INFO: [Synth 8-3333] propagating constant 0 across sequential element (\strEnd_reg[30] )
INFO: [Synth 8-3333] propagating constant 1 across sequential element (\sendStr_reg[15][6] )
INFO: [Synth 8-3333] propagating constant 1 across sequential element (\sendStr_reg[18][5] )
INFO: [Synth 8-3333] propagating constant 1 across sequential element (\sendStr_reg[8][5] )
INFO: [Synth 8-3333] propagating constant 0 across sequential element (\sendStr_reg[22][4] )
INFO: [Synth 8-3333] propagating constant 0 across sequential element (\sendStr_reg[13][4] )
INFO: [Synth 8-3333] propagating constant 0 across sequential element (\sendStr_reg[12][4] )
INFO: [Synth 8-3333] propagating constant 1 across sequential element (\sendStr_reg[10][4] )
INFO: [Synth 8-3333] propagating constant 1 across sequential element (\sendStr_reg[7][4] )
INFO: [Synth 8-3333] propagating constant 0 across sequential element (\sendStr_reg[16][3] )
INFO: [Synth 8-3333] propagating constant 0 across sequential element (\sendStr_reg[9][3] )
INFO: [Synth 8-3333] propagating constant 1 across sequential element (\sendStr_reg[4][3] )
INFO: [Synth 8-3333] propagating constant 1 across sequential element (\sendStr_reg[19][2] )
INFO: [Synth 8-3333] propagating constant 1 across sequential element (\sendStr_reg[13][2] )
INFO: [Synth 8-3333] propagating constant 0 across sequential element (\sendStr_reg[10][2] )
INFO: [Synth 8-3333] propagating constant 0 across sequential element (\sendStr_reg[6][2] )
INFO: [Synth 8-3333] propagating constant 1 across sequential element (\sendStr_reg[3][2] )
INFO: [Synth 8-3333] propagating constant 0 across sequential element (\sendStr_reg[23][1] )
INFO: [Synth 8-3333] propagating constant 1 across sequential element (\sendStr_reg[22][1] )
INFO: [Synth 8-3333] propagating constant 0 across sequential element (\sendStr_reg[21][1] )
INFO: [Synth 8-3333] propagating constant 0 across sequential element (\sendStr_reg[19][1] )
INFO: [Synth 8-3333] propagating constant 0 across sequential element (\sendStr_reg[15][1] )
INFO: [Synth 8-3333] propagating constant 0 across sequential element (\sendStr_reg[14][1] )
INFO: [Synth 8-3333] propagating constant 0 across sequential element (\sendStr_reg[3][1] )
INFO: [Synth 8-3333] propagating constant 0 across sequential element (\sendStr_reg[1][1] )
INFO: [Synth 8-3333] propagating constant 1 across sequential element (\sendStr_reg[0][1] )
INFO: [Synth 8-3333] propagating constant 1 across sequential element (\sendStr_reg[26][0] )
INFO: [Synth 8-3333] propagating constant 0 across sequential element (\sendStr_reg[24][0] )
INFO: [Synth 8-3333] propagating constant 1 across sequential element (\sendStr_reg[23][0] )
INFO: [Synth 8-3333] propagating constant 1 across sequential element (\sendStr_reg[21][0] )
INFO: [Synth 8-3333] propagating constant 0 across sequential element (\sendStr_reg[18][0] )
INFO: [Synth 8-3333] propagating constant 1 across sequential element (\sendStr_reg[14][0] )
INFO: [Synth 8-3333] propagating constant 1 across sequential element (\sendStr_reg[11][0] )
INFO: [Synth 8-3333] propagating constant 1 across sequential element (\sendStr_reg[9][0] )
INFO: [Synth 8-3333] propagating constant 0 across sequential element (\sendStr_reg[8][0] )
INFO: [Synth 8-3333] propagating constant 0 across sequential element (\sendStr_reg[7][0] )
INFO: [Synth 8-3333] propagating constant 0 across sequential element (\sendStr_reg[2][0] )
INFO: [Synth 8-3333] propagating constant 1 across sequential element (\sendStr_reg[1][0] )
INFO: [Synth 8-3333] propagating constant 0 across sequential element (\sendStr_reg[0][0] )
INFO: [Synth 8-3333] propagating constant 1 across sequential element (\Inst_UART_TX_CTRL/txData_reg[9] )
INFO: [Synth 8-3333] propagating constant 0 across sequential element (\Inst_UART_TX_CTRL/txData_reg[0] )
INFO: [Synth 8-3333] propagating constant 0 across sequential element (\uartData_reg[7] )
INFO: [Synth 8-3333] propagating constant 0 across sequential element (\Inst_UART_TX_CTRL/txData_reg[8] )
WARNING: [Synth 8-3332] Sequential element (\sendStr_reg[0][7] ) is unused and will be removed from module GPIO_demo.
WARNING: [Synth 8-3332] Sequential element (\sendStr_reg[0][5] ) is unused and will be removed from module GPIO_demo.
WARNING: [Synth 8-3332] Sequential element (\sendStr_reg[0][4] ) is unused and will be removed from module GPIO_demo.
WARNING: [Synth 8-3332] Sequential element (\sendStr_reg[0][2] ) is unused and will be removed from module GPIO_demo.
WARNING: [Synth 8-3332] Sequential element (\sendStr_reg[0][1] ) is unused and will be removed from module GPIO_demo.
WARNING: [Synth 8-3332] Sequential element (\sendStr_reg[0][0] ) is unused and will be removed from module GPIO_demo.
WARNING: [Synth 8-3332] Sequential element (\sendStr_reg[1][7] ) is unused and will be removed from module GPIO_demo.
WARNING: [Synth 8-3332] Sequential element (\sendStr_reg[1][6] ) is unused and will be removed from module GPIO_demo.
WARNING: [Synth 8-3332] Sequential element (\sendStr_reg[1][5] ) is unused and will be removed from module GPIO_demo.
WARNING: [Synth 8-3332] Sequential element (\sendStr_reg[1][2] ) is unused and will be removed from module GPIO_demo.
WARNING: [Synth 8-3332] Sequential element (\sendStr_reg[1][1] ) is unused and will be removed from module GPIO_demo.
WARNING: [Synth 8-3332] Sequential element (\sendStr_reg[1][0] ) is unused and will be removed from module GPIO_demo.
WARNING: [Synth 8-3332] Sequential element (\sendStr_reg[3][7] ) is unused and will be removed from module GPIO_demo.
WARNING: [Synth 8-3332] Sequential element (\sendStr_reg[3][6] ) is unused and will be removed from module GPIO_demo.
WARNING: [Synth 8-3332] Sequential element (\sendStr_reg[3][5] ) is unused and will be removed from module GPIO_demo.
WARNING: [Synth 8-3332] Sequential element (\sendStr_reg[3][3] ) is unused and will be removed from module GPIO_demo.
WARNING: [Synth 8-3332] Sequential element (\sendStr_reg[3][2] ) is unused and will be removed from module GPIO_demo.
WARNING: [Synth 8-3332] Sequential element (\sendStr_reg[3][1] ) is unused and will be removed from module GPIO_demo.
WARNING: [Synth 8-3332] Sequential element (\sendStr_reg[6][7] ) is unused and will be removed from module GPIO_demo.
WARNING: [Synth 8-3332] Sequential element (\sendStr_reg[6][6] ) is unused and will be removed from module GPIO_demo.
WARNING: [Synth 8-3332] Sequential element (\sendStr_reg[6][4] ) is unused and will be removed from module GPIO_demo.
WARNING: [Synth 8-3332] Sequential element (\sendStr_reg[6][3] ) is unused and will be removed from module GPIO_demo.
WARNING: [Synth 8-3332] Sequential element (\sendStr_reg[6][2] ) is unused and will be removed from module GPIO_demo.
WARNING: [Synth 8-3332] Sequential element (\sendStr_reg[6][1] ) is unused and will be removed from module GPIO_demo.
WARNING: [Synth 8-3332] Sequential element (\sendStr_reg[7][7] ) is unused and will be removed from module GPIO_demo.
WARNING: [Synth 8-3332] Sequential element (\sendStr_reg[7][5] ) is unused and will be removed from module GPIO_demo.
WARNING: [Synth 8-3332] Sequential element (\sendStr_reg[7][4] ) is unused and will be removed from module GPIO_demo.
WARNING: [Synth 8-3332] Sequential element (\sendStr_reg[7][3] ) is unused and will be removed from module GPIO_demo.
WARNING: [Synth 8-3332] Sequential element (\sendStr_reg[7][1] ) is unused and will be removed from module GPIO_demo.
WARNING: [Synth 8-3332] Sequential element (\sendStr_reg[7][0] ) is unused and will be removed from module GPIO_demo.
WARNING: [Synth 8-3332] Sequential element (\sendStr_reg[8][7] ) is unused and will be removed from module GPIO_demo.
WARNING: [Synth 8-3332] Sequential element (\sendStr_reg[8][6] ) is unused and will be removed from module GPIO_demo.
WARNING: [Synth 8-3332] Sequential element (\sendStr_reg[8][5] ) is unused and will be removed from module GPIO_demo.
WARNING: [Synth 8-3332] Sequential element (\sendStr_reg[8][4] ) is unused and will be removed from module GPIO_demo.
WARNING: [Synth 8-3332] Sequential element (\sendStr_reg[8][3] ) is unused and will be removed from module GPIO_demo.
WARNING: [Synth 8-3332] Sequential element (\sendStr_reg[8][2] ) is unused and will be removed from module GPIO_demo.
WARNING: [Synth 8-3332] Sequential element (\sendStr_reg[8][0] ) is unused and will be removed from module GPIO_demo.
WARNING: [Synth 8-3332] Sequential element (\sendStr_reg[9][7] ) is unused and will be removed from module GPIO_demo.
WARNING: [Synth 8-3332] Sequential element (\sendStr_reg[9][6] ) is unused and will be removed from module GPIO_demo.
WARNING: [Synth 8-3332] Sequential element (\sendStr_reg[9][4] ) is unused and will be removed from module GPIO_demo.
WARNING: [Synth 8-3332] Sequential element (\sendStr_reg[9][3] ) is unused and will be removed from module GPIO_demo.
WARNING: [Synth 8-3332] Sequential element (\sendStr_reg[9][2] ) is unused and will be removed from module GPIO_demo.
WARNING: [Synth 8-3332] Sequential element (\sendStr_reg[9][0] ) is unused and will be removed from module GPIO_demo.
WARNING: [Synth 8-3332] Sequential element (\sendStr_reg[10][7] ) is unused and will be removed from module GPIO_demo.
WARNING: [Synth 8-3332] Sequential element (\sendStr_reg[10][6] ) is unused and will be removed from module GPIO_demo.
WARNING: [Synth 8-3332] Sequential element (\sendStr_reg[10][5] ) is unused and will be removed from module GPIO_demo.
WARNING: [Synth 8-3332] Sequential element (\sendStr_reg[10][4] ) is unused and will be removed from module GPIO_demo.
WARNING: [Synth 8-3332] Sequential element (\sendStr_reg[10][3] ) is unused and will be removed from module GPIO_demo.
WARNING: [Synth 8-3332] Sequential element (\sendStr_reg[10][2] ) is unused and will be removed from module GPIO_demo.
WARNING: [Synth 8-3332] Sequential element (\sendStr_reg[10][1] ) is unused and will be removed from module GPIO_demo.
WARNING: [Synth 8-3332] Sequential element (\sendStr_reg[12][7] ) is unused and will be removed from module GPIO_demo.
WARNING: [Synth 8-3332] Sequential element (\sendStr_reg[12][6] ) is unused and will be removed from module GPIO_demo.
WARNING: [Synth 8-3332] Sequential element (\sendStr_reg[12][4] ) is unused and will be removed from module GPIO_demo.
WARNING: [Synth 8-3332] Sequential element (\sendStr_reg[12][3] ) is unused and will be removed from module GPIO_demo.
WARNING: [Synth 8-3332] Sequential element (\sendStr_reg[12][2] ) is unused and will be removed from module GPIO_demo.
WARNING: [Synth 8-3332] Sequential element (\sendStr_reg[12][1] ) is unused and will be removed from module GPIO_demo.
WARNING: [Synth 8-3332] Sequential element (\sendStr_reg[13][7] ) is unused and will be removed from module GPIO_demo.
WARNING: [Synth 8-3332] Sequential element (\sendStr_reg[13][5] ) is unused and will be removed from module GPIO_demo.
WARNING: [Synth 8-3332] Sequential element (\sendStr_reg[13][4] ) is unused and will be removed from module GPIO_demo.
WARNING: [Synth 8-3332] Sequential element (\sendStr_reg[13][3] ) is unused and will be removed from module GPIO_demo.
WARNING: [Synth 8-3332] Sequential element (\sendStr_reg[13][2] ) is unused and will be removed from module GPIO_demo.
WARNING: [Synth 8-3332] Sequential element (\sendStr_reg[13][1] ) is unused and will be removed from module GPIO_demo.
WARNING: [Synth 8-3332] Sequential element (\sendStr_reg[14][7] ) is unused and will be removed from module GPIO_demo.
WARNING: [Synth 8-3332] Sequential element (\sendStr_reg[14][6] ) is unused and will be removed from module GPIO_demo.
WARNING: [Synth 8-3332] Sequential element (\sendStr_reg[14][3] ) is unused and will be removed from module GPIO_demo.
WARNING: [Synth 8-3332] Sequential element (\sendStr_reg[14][2] ) is unused and will be removed from module GPIO_demo.
WARNING: [Synth 8-3332] Sequential element (\sendStr_reg[14][1] ) is unused and will be removed from module GPIO_demo.
WARNING: [Synth 8-3332] Sequential element (\sendStr_reg[14][0] ) is unused and will be removed from module GPIO_demo.
WARNING: [Synth 8-3332] Sequential element (\sendStr_reg[15][7] ) is unused and will be removed from module GPIO_demo.
WARNING: [Synth 8-3332] Sequential element (\sendStr_reg[15][6] ) is unused and will be removed from module GPIO_demo.
WARNING: [Synth 8-3332] Sequential element (\sendStr_reg[15][5] ) is unused and will be removed from module GPIO_demo.
WARNING: [Synth 8-3332] Sequential element (\sendStr_reg[15][4] ) is unused and will be removed from module GPIO_demo.
WARNING: [Synth 8-3332] Sequential element (\sendStr_reg[15][3] ) is unused and will be removed from module GPIO_demo.
WARNING: [Synth 8-3332] Sequential element (\sendStr_reg[15][1] ) is unused and will be removed from module GPIO_demo.
WARNING: [Synth 8-3332] Sequential element (\sendStr_reg[18][7] ) is unused and will be removed from module GPIO_demo.
WARNING: [Synth 8-3332] Sequential element (\sendStr_reg[18][6] ) is unused and will be removed from module GPIO_demo.
WARNING: [Synth 8-3332] Sequential element (\sendStr_reg[18][5] ) is unused and will be removed from module GPIO_demo.
WARNING: [Synth 8-3332] Sequential element (\sendStr_reg[18][4] ) is unused and will be removed from module GPIO_demo.
WARNING: [Synth 8-3332] Sequential element (\sendStr_reg[18][3] ) is unused and will be removed from module GPIO_demo.
WARNING: [Synth 8-3332] Sequential element (\sendStr_reg[18][1] ) is unused and will be removed from module GPIO_demo.
WARNING: [Synth 8-3332] Sequential element (\sendStr_reg[18][0] ) is unused and will be removed from module GPIO_demo.
WARNING: [Synth 8-3332] Sequential element (\sendStr_reg[21][7] ) is unused and will be removed from module GPIO_demo.
WARNING: [Synth 8-3332] Sequential element (\sendStr_reg[21][6] ) is unused and will be removed from module GPIO_demo.
WARNING: [Synth 8-3332] Sequential element (\sendStr_reg[21][4] ) is unused and will be removed from module GPIO_demo.
WARNING: [Synth 8-3332] Sequential element (\sendStr_reg[21][3] ) is unused and will be removed from module GPIO_demo.
WARNING: [Synth 8-3332] Sequential element (\sendStr_reg[21][1] ) is unused and will be removed from module GPIO_demo.
WARNING: [Synth 8-3332] Sequential element (\sendStr_reg[21][0] ) is unused and will be removed from module GPIO_demo.
WARNING: [Synth 8-3332] Sequential element (\sendStr_reg[22][7] ) is unused and will be removed from module GPIO_demo.
WARNING: [Synth 8-3332] Sequential element (\sendStr_reg[22][6] ) is unused and will be removed from module GPIO_demo.
WARNING: [Synth 8-3332] Sequential element (\sendStr_reg[22][5] ) is unused and will be removed from module GPIO_demo.
WARNING: [Synth 8-3332] Sequential element (\sendStr_reg[22][4] ) is unused and will be removed from module GPIO_demo.
WARNING: [Synth 8-3332] Sequential element (\sendStr_reg[22][3] ) is unused and will be removed from module GPIO_demo.
WARNING: [Synth 8-3332] Sequential element (\sendStr_reg[22][2] ) is unused and will be removed from module GPIO_demo.
WARNING: [Synth 8-3332] Sequential element (\sendStr_reg[22][1] ) is unused and will be removed from module GPIO_demo.
WARNING: [Synth 8-3332] Sequential element (\sendStr_reg[23][7] ) is unused and will be removed from module GPIO_demo.
WARNING: [Synth 8-3332] Sequential element (\sendStr_reg[23][6] ) is unused and will be removed from module GPIO_demo.
WARNING: [Synth 8-3332] Sequential element (\sendStr_reg[23][4] ) is unused and will be removed from module GPIO_demo.
WARNING: [Synth 8-3332] Sequential element (\sendStr_reg[23][3] ) is unused and will be removed from module GPIO_demo.
WARNING: [Synth 8-3332] Sequential element (\sendStr_reg[23][1] ) is unused and will be removed from module GPIO_demo.
WARNING: [Synth 8-3332] Sequential element (\sendStr_reg[23][0] ) is unused and will be removed from module GPIO_demo.
INFO: [Common 17-14] Message 'Synth 8-3332' appears 100 times and further instances of the messages will be disabled. Use the Tcl command set_msg_config to change the current settings.
---------------------------------------------------------------------------------
Start Area Optimization
---------------------------------------------------------------------------------
---------------------------------------------------------------------------------
Finished Area Optimization : Time (s): cpu = 00:00:20 ; elapsed = 00:00:23 . Memory (MB): peak = 583.527 ; gain = 422.219
---------------------------------------------------------------------------------
---------------------------------------------------------------------------------
Finished Area Optimization : Time (s): cpu = 00:00:20 ; elapsed = 00:00:23 . Memory (MB): peak = 583.527 ; gain = 422.219
---------------------------------------------------------------------------------
Finished Parallel Area Optimization  : Time (s): cpu = 00:00:20 ; elapsed = 00:00:23 . Memory (MB): peak = 583.527 ; gain = 422.219

Report RTL Partitions: 
+-+--------------+------------+----------+
| |RTL Partition |Replication |Instances |
+-+--------------+------------+----------+
+-+--------------+------------+----------+
Finished Parallel Synthesis Optimization  : Time (s): cpu = 00:00:20 ; elapsed = 00:00:23 . Memory (MB): peak = 583.527 ; gain = 422.219
---------------------------------------------------------------------------------
Start Timing Optimization
---------------------------------------------------------------------------------
---------------------------------------------------------------------------------
Start Applying XDC Timing Constraints
---------------------------------------------------------------------------------
---------------------------------------------------------------------------------
Finished Applying XDC Timing Constraints : Time (s): cpu = 00:00:36 ; elapsed = 00:00:39 . Memory (MB): peak = 583.527 ; gain = 422.219
---------------------------------------------------------------------------------
---------------------------------------------------------------------------------
Finished Timing Optimization : Time (s): cpu = 00:00:36 ; elapsed = 00:00:39 . Memory (MB): peak = 583.527 ; gain = 422.219
---------------------------------------------------------------------------------

Report RTL Partitions: 
+-+--------------+------------+----------+
| |RTL Partition |Replication |Instances |
+-+--------------+------------+----------+
+-+--------------+------------+----------+
---------------------------------------------------------------------------------
Start Technology Mapping
---------------------------------------------------------------------------------
---------------------------------------------------------------------------------
Finished Technology Mapping : Time (s): cpu = 00:00:37 ; elapsed = 00:00:40 . Memory (MB): peak = 583.527 ; gain = 422.219
---------------------------------------------------------------------------------

Report RTL Partitions: 
+-+--------------+------------+----------+
| |RTL Partition |Replication |Instances |
+-+--------------+------------+----------+
+-+--------------+------------+----------+
---------------------------------------------------------------------------------
Start IO Insertion
---------------------------------------------------------------------------------
---------------------------------------------------------------------------------
Start Flattening Before IO Insertion
---------------------------------------------------------------------------------
---------------------------------------------------------------------------------
Finished Flattening Before IO Insertion
---------------------------------------------------------------------------------
---------------------------------------------------------------------------------
Start Final Netlist Cleanup
---------------------------------------------------------------------------------
---------------------------------------------------------------------------------
Finished Final Netlist Cleanup
---------------------------------------------------------------------------------
---------------------------------------------------------------------------------
Finished IO Insertion : Time (s): cpu = 00:00:37 ; elapsed = 00:00:40 . Memory (MB): peak = 583.527 ; gain = 422.219
---------------------------------------------------------------------------------

Report Check Netlist: 
+------+------------------+-------+---------+-------+------------------+
|      |Item              |Errors |Warnings |Status |Description       |
+------+------------------+-------+---------+-------+------------------+
|1     |multi_driven_nets |      0|        0|Passed |Multi driven nets |
+------+------------------+-------+---------+-------+------------------+
---------------------------------------------------------------------------------
Start Renaming Generated Instances
---------------------------------------------------------------------------------
---------------------------------------------------------------------------------
Finished Renaming Generated Instances : Time (s): cpu = 00:00:37 ; elapsed = 00:00:40 . Memory (MB): peak = 583.527 ; gain = 422.219
---------------------------------------------------------------------------------

Report RTL Partitions: 
+-+--------------+------------+----------+
| |RTL Partition |Replication |Instances |
+-+--------------+------------+----------+
+-+--------------+------------+----------+
---------------------------------------------------------------------------------
Start Rebuilding User Hierarchy
---------------------------------------------------------------------------------
---------------------------------------------------------------------------------
Finished Rebuilding User Hierarchy : Time (s): cpu = 00:00:37 ; elapsed = 00:00:40 . Memory (MB): peak = 583.527 ; gain = 422.219
---------------------------------------------------------------------------------
---------------------------------------------------------------------------------
Start RAM, DSP and Shift Register Reporting
---------------------------------------------------------------------------------
---------------------------------------------------------------------------------
Finished RAM, DSP and Shift Register Reporting
---------------------------------------------------------------------------------
---------------------------------------------------------------------------------
Start Writing Synthesis Report
---------------------------------------------------------------------------------

Report BlackBoxes: 
+-+--------------+----------+
| |BlackBox name |Instances |
+-+--------------+----------+
+-+--------------+----------+

Report Cell Usage: 
+------+-------+------+
|      |Cell   |Count |
+------+-------+------+
|1     |BUFG   |     1|
|2     |CARRY4 |    63|
|3     |LUT1   |   226|
|4     |LUT2   |    35|
|5     |LUT3   |    27|
|6     |LUT4   |    25|
|7     |LUT5   |    30|
|8     |LUT6   |    82|
|9     |MUXF7  |     5|
|10    |FDRE   |   286|
|11    |FDSE   |     2|
|12    |IBUF   |    23|
|13    |OBUF   |    43|
+------+-------+------+

Report Instance Areas: 
+------+--------------------+--------------------------+------+
|      |Instance            |Module                    |Cells |
+------+--------------------+--------------------------+------+
|1     |top                 |                          |   848|
|2     |  Inst_UART_TX_CTRL |UART_TX_CTRL              |   131|
|3     |  Inst_btn_debounce |debouncer__parameterized0 |   219|
|4     |  RGB_Core          |RGB_controller            |   124|
+------+--------------------+--------------------------+------+
---------------------------------------------------------------------------------
Finished Writing Synthesis Report : Time (s): cpu = 00:00:37 ; elapsed = 00:00:40 . Memory (MB): peak = 583.527 ; gain = 422.219
---------------------------------------------------------------------------------
Synthesis finished with 0 errors, 0 critical warnings and 239 warnings.
Synthesis Optimization Runtime : Time (s): cpu = 00:00:00 ; elapsed = 00:00:30 . Memory (MB): peak = 583.527 ; gain = 88.125
Synthesis Optimization Complete : Time (s): cpu = 00:00:37 ; elapsed = 00:00:40 . Memory (MB): peak = 583.527 ; gain = 422.219
INFO: [Project 1-571] Translating synthesized netlist
INFO: [Netlist 29-17] Analyzing 86 Unisim elements for replacement
INFO: [Netlist 29-28] Unisim Transformation completed in 0 CPU seconds
INFO: [Project 1-570] Preparing netlist for logic optimization
INFO: [Opt 31-140] Inserted 0 IBUFs to IO ports without IO buffers.
INFO: [Opt 31-141] Inserted 0 OBUFs to IO ports without IO buffers.
INFO: [Opt 31-138] Pushed 0 inverter(s) to 0 load pin(s).
INFO: [Project 1-111] Unisim Transformation Summary:
No Unisim elements were transformed.

INFO: [Common 17-83] Releasing license: Synthesis
74 Infos, 105 Warnings, 0 Critical Warnings and 0 Errors encountered.
synth_design completed successfully
synth_design: Time (s): cpu = 00:00:37 ; elapsed = 00:00:39 . Memory (MB): peak = 583.527 ; gain = 402.332
# write_checkpoint -noxdef GPIO_demo.dcp
# catch { report_utilization -file GPIO_demo_utilization_synth.rpt -pb GPIO_demo_utilization_synth.pb }
report_utilization: Time (s): cpu = 00:00:00 ; elapsed = 00:00:00.061 . Memory (MB): peak = 583.527 ; gain = 0.000
INFO: [Common 17-206] Exiting Vivado at Fri Mar 20 17:24:55 2015...
